1539821035076	geckodriver	INFO	geckodriver 0.21.0
1539821035085	geckodriver	INFO	Listening on 127.0.0.1:49716
1539821036095	mozrunner::runner	INFO	Running command: "/Applications/Firefox.app/Contents/MacOS/firefox-bin" "-marionette" "-foreground" "-no-remote" "-profile" "/var/folders/bh/hq334_854q13ys6qxz8s0r7h0000gn/T/rust_mozprofile.zR3B6Huo0pFa"
2018-10-18 08:03:57.722 plugin-container[69079:2386679] *** CFMessagePort: bootstrap_register(): failed 1100 (0x44c) 'Permission denied', port = 0x763f, name = 'com.apple.tsm.portname'
See /usr/include/servers/bootstrap_defs.h for the error codes.
2018-10-18 08:03:58.001 plugin-container[69080:2386709] *** CFMessagePort: bootstrap_register(): failed 1100 (0x44c) 'Permission denied', port = 0x7f43, name = 'com.apple.tsm.portname'
See /usr/include/servers/bootstrap_defs.h for the error codes.
1539821038358	Marionette	INFO	Listening on port 49727
1539821038397	Marionette	WARN	TLS certificate errors will be ignored for this session
1539821038437	Marionette	DEBUG	[4294967297] Frame script loaded
1539821038438	Marionette	DEBUG	[4294967297] Frame script registered
1539821038467	Marionette	DEBUG	[4294967297] Received DOM event beforeunload for about:blank
2018-10-18 08:03:58.831 plugin-container[69081:2386822] *** CFMessagePort: bootstrap_register(): failed 1100 (0x44c) 'Permission denied', port = 0x8e3f, name = 'com.apple.tsm.portname'
See /usr/include/servers/bootstrap_defs.h for the error codes.
1539821047373	Marionette	DEBUG	[4294967297] Received DOM event pagehide for about:blank
JavaScript error: https://static.feixiaohao.com/Scripts/common-1.1.js?v=1.691, line 842: TypeError: globalTicker is undefined
1539821049410	Marionette	DEBUG	[4294967297] Received DOM event DOMContentLoaded for https://www.feixiaohao.com/
JavaScript warning: https://www.googletagmanager.com/gtag/js?id=UA-126010380-1, line 74: unreachable code after return statement
JavaScript warning: https://www.googletagmanager.com/gtag/js?id=UA-126010380-1, line 74: unreachable code after return statement
1539821096705	geckodriver	INFO	geckodriver 0.21.0
1539821096711	geckodriver	INFO	Listening on 127.0.0.1:49803
1539821097722	mozrunner::runner	INFO	Running command: "/Applications/Firefox.app/Contents/MacOS/firefox-bin" "-marionette" "-foreground" "-no-remote" "-profile" "/var/folders/bh/hq334_854q13ys6qxz8s0r7h0000gn/T/rust_mozprofile.cxzPVyPdGiXP"
2018-10-18 08:04:59.143 plugin-container[69108:2388582] *** CFMessagePort: bootstrap_register(): failed 1100 (0x44c) 'Permission denied', port = 0x8443, name = 'com.apple.tsm.portname'
See /usr/include/servers/bootstrap_defs.h for the error codes.
2018-10-18 08:04:59.392 plugin-container[69109:2388607] *** CFMessagePort: bootstrap_register(): failed 1100 (0x44c) 'Permission denied', port = 0x763f, name = 'com.apple.tsm.portname'
See /usr/include/servers/bootstrap_defs.h for the error codes.
1539821099687	Marionette	INFO	Listening on port 49814
1539821099786	Marionette	WARN	TLS certificate errors will be ignored for this session
1539821099826	Marionette	DEBUG	[4294967297] Frame script loaded
1539821099826	Marionette	DEBUG	[4294967297] Frame script registered
1539821099844	Marionette	DEBUG	[4294967297] Received DOM event beforeunload for about:blank
2018-10-18 08:05:00.184 plugin-container[69110:2388731] *** CFMessagePort: bootstrap_register(): failed 1100 (0x44c) 'Permission denied', port = 0x8e43, name = 'com.apple.tsm.portname'
See /usr/include/servers/bootstrap_defs.h for the error codes.
1539821100246	Marionette	DEBUG	[4294967297] Received DOM event pagehide for about:blank
JavaScript error: https://static.feixiaohao.com/Scripts/common-1.1.js?v=1.691, line 842: TypeError: globalTicker is undefined
1539821101377	Marionette	DEBUG	[4294967297] Received DOM event DOMContentLoaded for https://www.feixiaohao.com/
JavaScript warning: https://www.googletagmanager.com/gtag/js?id=UA-126010380-1, line 74: unreachable code after return statement
JavaScript warning: https://www.googletagmanager.com/gtag/js?id=UA-126010380-1, line 74: unreachable code after return statement
1539821164756	Marionette	DEBUG	[4294967297] Received DOM event unload for https://www.feixiaohao.com/
1539821164769	Marionette	DEBUG	[4294967297] Received observer notification outer-window-destroyed for 4294967297
1539821164847	Marionette	INFO	Stopped listening on port 49814
1539821196611	geckodriver	INFO	geckodriver 0.21.0
1539821196618	geckodriver	INFO	Listening on 127.0.0.1:49899
1539821197629	mozrunner::runner	INFO	Running command: "/Applications/Firefox.app/Contents/MacOS/firefox-bin" "-marionette" "headless" "-foreground" "-no-remote" "-profile" "/var/folders/bh/hq334_854q13ys6qxz8s0r7h0000gn/T/rust_mozprofile.iigs53t0quWb"
2018-10-18 08:06:39.001 plugin-container[69152:2390705] *** CFMessagePort: bootstrap_register(): failed 1100 (0x44c) 'Permission denied', port = 0x713f, name = 'com.apple.tsm.portname'
See /usr/include/servers/bootstrap_defs.h for the error codes.
2018-10-18 08:06:39.251 plugin-container[69153:2390732] *** CFMessagePort: bootstrap_register(): failed 1100 (0x44c) 'Permission denied', port = 0x850b, name = 'com.apple.tsm.portname'
See /usr/include/servers/bootstrap_defs.h for the error codes.
1539821199586	Marionette	INFO	Listening on port 49910
1539821199603	Marionette	WARN	TLS certificate errors will be ignored for this session
1539821199643	Marionette	DEBUG	[4294967297] Frame script loaded
1539821199644	Marionette	DEBUG	[4294967297] Frame script registered
1539821199664	Marionette	DEBUG	[4294967297] Received DOM event beforeunload for about:blank
2018-10-18 08:06:40.035 plugin-container[69154:2390859] *** CFMessagePort: bootstrap_register(): failed 1100 (0x44c) 'Permission denied', port = 0x7443, name = 'com.apple.tsm.portname'
See /usr/include/servers/bootstrap_defs.h for the error codes.
1539821207300	Marionette	DEBUG	[4294967297] Received DOM event pagehide for about:blank
JavaScript error: https://static.feixiaohao.com/Scripts/common-1.1.js?v=1.691, line 842: TypeError: globalTicker is undefined
1539821208375	Marionette	DEBUG	[4294967297] Received DOM event DOMContentLoaded for https://www.feixiaohao.com/
JavaScript warning: https://www.googletagmanager.com/gtag/js?id=UA-126010380-1, line 74: unreachable code after return statement
JavaScript warning: https://www.googletagmanager.com/gtag/js?id=UA-126010380-1, line 74: unreachable code after return statement
1539821218466	Marionette	DEBUG	[4294967297] Received DOM event unload for https://www.feixiaohao.com/
1539821218482	Marionette	DEBUG	[4294967297] Received observer notification outer-window-destroyed for 4294967297
1539821218579	Marionette	INFO	Stopped listening on port 49910
1539821251776	geckodriver	INFO	geckodriver 0.21.0
1539821251783	geckodriver	INFO	Listening on 127.0.0.1:50050
1539821252799	mozrunner::runner	INFO	Running command: "/Applications/Firefox.app/Contents/MacOS/firefox-bin" "-marionette" "headless" "-foreground" "-no-remote" "-profile" "/var/folders/bh/hq334_854q13ys6qxz8s0r7h0000gn/T/rust_mozprofile.CTAmaeKfo19t"
2018-10-18 08:07:34.151 plugin-container[69182:2392180] *** CFMessagePort: bootstrap_register(): failed 1100 (0x44c) 'Permission denied', port = 0x713f, name = 'com.apple.tsm.portname'
See /usr/include/servers/bootstrap_defs.h for the error codes.
2018-10-18 08:07:34.398 plugin-container[69184:2392210] *** CFMessagePort: bootstrap_register(): failed 1100 (0x44c) 'Permission denied', port = 0x873f, name = 'com.apple.tsm.portname'
See /usr/include/servers/bootstrap_defs.h for the error codes.
1539821254696	Marionette	INFO	Listening on port 50061
1539821254765	Marionette	WARN	TLS certificate errors will be ignored for this session
1539821254804	Marionette	DEBUG	[4294967297] Frame script loaded
1539821254805	Marionette	DEBUG	[4294967297] Frame script registered
1539821254823	Marionette	DEBUG	[4294967297] Received DOM event beforeunload for about:blank
2018-10-18 08:07:35.155 plugin-container[69186:2392334] *** CFMessagePort: bootstrap_register(): failed 1100 (0x44c) 'Permission denied', port = 0x7903, name = 'com.apple.tsm.portname'
See /usr/include/servers/bootstrap_defs.h for the error codes.
1539821255227	Marionette	DEBUG	[4294967297] Received DOM event pagehide for about:blank
JavaScript error: https://static.feixiaohao.com/Scripts/common-1.1.js?v=1.691, line 842: TypeError: globalTicker is undefined
1539821257001	Marionette	DEBUG	[4294967297] Received DOM event DOMContentLoaded for https://www.feixiaohao.com/
JavaScript warning: https://www.googletagmanager.com/gtag/js?id=UA-126010380-1, line 74: unreachable code after return statement
JavaScript warning: https://www.googletagmanager.com/gtag/js?id=UA-126010380-1, line 74: unreachable code after return statement
1539821298931	Marionette	DEBUG	[4294967301] Frame script loaded
1539821298998	Marionette	DEBUG	[4294967301] Frame script registered
1539821299036	Marionette	DEBUG	[4294967303] Frame script loaded
1539821299036	Marionette	DEBUG	[4294967303] Frame script registered
1539821335687	Marionette	DEBUG	[4294967297] Received DOM event pageshow for https://www.feixiaohao.com/
1539821380417	geckodriver	INFO	geckodriver 0.21.0
1539821380424	geckodriver	INFO	Listening on 127.0.0.1:50148
1539821381440	mozrunner::runner	INFO	Running command: "/Applications/Firefox.app/Contents/MacOS/firefox-bin" "-marionette" "headless" "-foreground" "-no-remote" "-profile" "/var/folders/bh/hq334_854q13ys6qxz8s0r7h0000gn/T/rust_mozprofile.0Jzche3YfSEE"
2018-10-18 08:09:42.910 plugin-container[69218:2394201] *** CFMessagePort: bootstrap_register(): failed 1100 (0x44c) 'Permission denied', port = 0x7943, name = 'com.apple.tsm.portname'
See /usr/include/servers/bootstrap_defs.h for the error codes.
2018-10-18 08:09:43.173 plugin-container[69219:2394230] *** CFMessagePort: bootstrap_register(): failed 1100 (0x44c) 'Permission denied', port = 0x8b3f, name = 'com.apple.tsm.portname'
See /usr/include/servers/bootstrap_defs.h for the error codes.
1539821383517	Marionette	INFO	Listening on port 50159
1539821383620	Marionette	WARN	TLS certificate errors will be ignored for this session
1539821383659	Marionette	DEBUG	[4294967297] Frame script loaded
1539821383660	Marionette	DEBUG	[4294967297] Frame script registered
1539821383681	Marionette	DEBUG	[4294967297] Received DOM event beforeunload for about:blank
2018-10-18 08:09:43.967 plugin-container[69220:2394345] *** CFMessagePort: bootstrap_register(): failed 1100 (0x44c) 'Permission denied', port = 0x7433, name = 'com.apple.tsm.portname'
See /usr/include/servers/bootstrap_defs.h for the error codes.
1539821384161	Marionette	DEBUG	[4294967297] Received DOM event pagehide for about:blank
JavaScript error: https://static.feixiaohao.com/Scripts/common-1.1.js?v=1.691, line 842: TypeError: globalTicker is undefined
1539821385028	Marionette	DEBUG	[4294967297] Received DOM event DOMContentLoaded for https://www.feixiaohao.com/
JavaScript warning: https://www.googletagmanager.com/gtag/js?id=UA-126010380-1, line 74: unreachable code after return statement
JavaScript warning: https://www.googletagmanager.com/gtag/js?id=UA-126010380-1, line 74: unreachable code after return statement
1539821393695	Marionette	DEBUG	[4294967297] Received DOM event unload for https://www.feixiaohao.com/
1539821393715	Marionette	DEBUG	[4294967297] Received observer notification outer-window-destroyed for 4294967297
1539821393822	Marionette	INFO	Stopped listening on port 50159
1539821397853	geckodriver	INFO	geckodriver 0.21.0
1539821397861	geckodriver	INFO	Listening on 127.0.0.1:50230
1539821398874	mozrunner::runner	INFO	Running command: "/Applications/Firefox.app/Contents/MacOS/firefox-bin" "-marionette" "headless" "-foreground" "-no-remote" "-profile" "/var/folders/bh/hq334_854q13ys6qxz8s0r7h0000gn/T/rust_mozprofile.A9qrmIMXeRSc"
2018-10-18 08:10:00.264 plugin-container[69231:2394817] *** CFMessagePort: bootstrap_register(): failed 1100 (0x44c) 'Permission denied', port = 0x7a03, name = 'com.apple.tsm.portname'
See /usr/include/servers/bootstrap_defs.h for the error codes.
2018-10-18 08:10:00.524 plugin-container[69232:2394843] *** CFMessagePort: bootstrap_register(): failed 1100 (0x44c) 'Permission denied', port = 0x843f, name = 'com.apple.tsm.portname'
See /usr/include/servers/bootstrap_defs.h for the error codes.
1539821400841	Marionette	INFO	Listening on port 50241
1539821400942	Marionette	WARN	TLS certificate errors will be ignored for this session
1539821400980	Marionette	DEBUG	[4294967297] Frame script loaded
1539821400982	Marionette	DEBUG	[4294967297] Frame script registered
1539821401020	Marionette	DEBUG	[4294967297] Received DOM event beforeunload for about:blank
2018-10-18 08:10:01.307 plugin-container[69233:2394964] *** CFMessagePort: bootstrap_register(): failed 1100 (0x44c) 'Permission denied', port = 0x853f, name = 'com.apple.tsm.portname'
See /usr/include/servers/bootstrap_defs.h for the error codes.
1539821401818	Marionette	DEBUG	[4294967297] Received DOM event pagehide for about:blank
JavaScript error: https://static.feixiaohao.com/Scripts/common-1.1.js?v=1.691, line 842: TypeError: globalTicker is undefined
1539821402863	Marionette	DEBUG	[4294967297] Received DOM event DOMContentLoaded for https://www.feixiaohao.com/
JavaScript warning: https://www.googletagmanager.com/gtag/js?id=UA-126010380-1, line 74: unreachable code after return statement
JavaScript warning: https://www.googletagmanager.com/gtag/js?id=UA-126010380-1, line 74: unreachable code after return statement
1539821425169	Marionette	INFO	Stopped listening on port 50061
1539821427228	Marionette	DEBUG	[4294967297] Received DOM event unload for https://www.feixiaohao.com/
1539821427242	Marionette	DEBUG	[4294967297] Received observer notification outer-window-destroyed for 4294967297
1539821427354	Marionette	INFO	Stopped listening on port 50241
